<?xml version="1.0" encoding="UTF-8"?>
<!-- Generated by org.testng.reporters.JUnitXMLReporter -->
<testsuite hostname="6DR89R2" name="Default test" tests="3" failures="0" timestamp="27 Dec 2018 07:59:02 GMT" time="74.427" errors="0">
  <testcase name="validateCreateNewContact" time="5.049" classname="CRM_PagesTest.CRMNewContactPageTest"/>
  <testcase name="validateCreateNewContact" time="4.641" classname="CRM_PagesTest.CRMNewContactPageTest"/>
  <testcase name="dummytest" time="0.001" classname="CRM_PagesTest.CRMNewContactPageTest"/>
</testsuite> <!-- Default test -->
