<?xml version="1.0" encoding="UTF-8"?>
<!-- Generated by org.testng.reporters.JUnitXMLReporter -->
<testsuite hostname="6DR89R2" name="Test" tests="3" failures="1" timestamp="26 Dec 2018 13:18:34 GMT" time="68.304" errors="0">
  <testcase name="ContactsPagenavigationtest" time="7.282" classname="CRM_PagesTest.CRMHomePageTest"/>
  <testcase name="CRMLogintest" time="0.011" classname="CRM_PagesTest.CRMLoginPageTest">
    <failure type="java.lang.AssertionError" message="Title doesnot match expected [Free CRM software in the cloud powers sales and customer service] but found [#1 Free CRM software in the cloud for sales and service]">
      <![CDATA[java.lang.AssertionError: Title doesnot match expected [Free CRM software in the cloud powers sales and customer service] but found [#1 Free CRM software in the cloud for sales and service]
	at CRM_PagesTest.CRMLoginPageTest.CRMLogintest(CRMLoginPageTest.java:36)
... Removed 28 stack frames]]>
    </failure>
  </testcase> <!-- CRMLogintest -->
  <testcase name="CRMLogin" time="8.094" classname="CRM_PagesTest.CRMLoginPageTest"/>
</testsuite> <!-- Test -->
